500
836
100
826
397
976
743
467
39
313
887
194
627
446
500
539
230
159
479
854
771
741
78
679
576
880
504
333
742
978
323
267
821
605
48
177
284
38
377
541
738
809
381
468
483
342
767
272
776
110
369
540
308
309
799
680
412
875
502
178
550
729
557
112
647
499
702
712
719
893
815
486
14
261
987
706
219
197
730
142
964
610
559
939
652
803
268
3
766
45
692
89
255
779
646
260
864
785
201
463
554
807
567
757
279
561
655
855
969
531
379
176
209
688
515
656
120
983
320
70
29
669
42
460
245
831
921
448
569
725
216
109
754
519
456
691
972
92
507
975
614
7
588
877
536
955
154
213
202
556
830
416
989
233
672
56
819
433
822
951
400
913
319
997
453
43
863
827
328
340
745
565
575
888
305
629
374
107
843
186
693
908
73
718
440
477
671
761
859
329
358
315
430
170
649
508
704
22
626
212
584
998
574
931
778
235
367
141
457
948
900
966
421
520
829
905
491
560
217
755
436
203
604
174
225
232
596
936
1
275
389
164
393
747
4
640
538
823
361
111
325
473
787
334
594
849
181
251
694
497
895
944
962
380
349
293
611
296
103
690
360
283
41
278
258
35
187
282
746
791
423
348
62
106
347
842
804
533
34
50
592
613
621
514
756
820
281
210
865
713
532
802
429
300
851
707
276
294
917
874
792
193
229
136
135
994
77
205
555
396
992
878
667
23
211
387
546
121
906
9
907
406
488
287
239
11
644
254
606
75
442
869
83
222
687
708
364
247
241
21
13
889
935
122
462
722
811
591
654
505
132
890
926
777
867
425
196
25
326
189
844
277
228
597
923
870
954
274
509
616
734
298
354
780
303
90
441
411
148
357
850
942
570
149
933
723
450
658
378
748
732
19
786
314
733
677
351
736
139
302
370
639
74
922
623
970
914
493
924
650
938
184
125
28
166
489
485
316
311
848
113
332
352
24
220
33
516
167
404
506
950
549
451
435
648
179
299
638
16
845
925
17
240
526
356
127
645
682
764
963
292
192
439
362
346
642
81
663
530
312
593
472
768
140
145
784
265
87
986
959
98
63
420
602
860
208
5
739
60
852
480
641
886
317
775
724
812
727
551
678
391
431
772
899
286
896
728
971
839
790
301

