750
56
412
96 102
320
409 470
231 236
881 932
786
838 876
510 607
662 675
367
997
273 290
588
336 350
897 910
992
356
334
506
132
276
42
829
878
249 262
78
286
103
661 795
820
109
543 553
244 252
44 67
885 929
405 426
36 61
144 147
112
371 388
801 825
612 625
934 990
782 788
429
550
72 99
125
951
742
406
210
245
148
411
269 335
114 162
509
557
956 988
116 128
729
922
393
859
563 579
518 525
8 15
648
702
888
706
324 363
797 814
936
482 537
952 973
436
196
818 834
462
707
808 858
991 993
424 452
422 444
438 447
677
268
435
967 2
658
930 949
919 927
594
712
622 624
46 55
608 630
146 151
823
460
784
898 904
279
178
839
789 816
671
776
165 173
454 455
169 204
40 80
171 226
596
567
23
960 982
48
906
500
647
561
108 118
969
928 961
306 322
713
604
847 894
915 937
297 321
77
806 824
150 153
344 372
287
211
18 124
849
627
723
499
532
743
73
931
750 783
512 558
551
813 817
129 134
866 879
529 545
233
358
35
645
569
434 437
5
652
484 487
224 246
754
59 71
926
564 568
722
978
649
734
123 126
902 916
865
669
974 979
176
614
7
963
673 683
87
765 800
741
611
155 195
50
479
938
694
107
448
914
493
826
100
74
368 383
327 376
225
179
194
191 237
357
317
691
75
616
971
330 345
313
401 402
833 835
802
575
970
599 601
718
598 600
841 853
620 670
394 410
130 133
21
203
38
714 735
270 304
265
516
605
964
591
513 617
940 941
439
348
977 12
131 158
491
581 615
945 980
328
466 476
570
241
143 218
586 589
275
850
899
458 461
637 660
283
746
170
486
97 104
28
1
192
642
263 289
375 465
664 681
726 770
798 892
51 88
312
803
832 912
392 408
805 857
522 524
504
166
296
68 69
736
316
889
511 521
11
298
19
446
443 490
89
266 288
852
208
93 115
182 188
528 534
995 10
779
428 464
3
264 291
364
733
230
606
13
905
463
727
613
715 753
688
258
351
556
923
573 609
272
398 403
860
83
635 659
26 31
799
453
619 721
469 471
9
60
197
66 82
374
205
981 64
626
893
347
98
140
475 481
339 341
459 474
994
478 492
370
159
578 587
247
255
689 695
199 227
965 996
738
239
819
679
365 382
530
407 414
494 544
582 585
704
174
848
381
942
152 180
773 793
745
451
590 595
710 759
254
815
355 373
189
724
887
812
629
946 968
730
181
22
775
441
325
644
309
536
34
175 185
423
756
618 634
14
43
122
141
137 138
387
17
136
639
473
360
684 711
809
921
821
760 794
45
200 243
778
340
284
183 242
156 157
840 846
939
526
748
400
293
110
780
164
515
959
731 781
377
592
737 763
533
728
925
333
430
507
190 207
497
337 343
985 999
646
628 709
975
85 119
828 868
425
676 698
740 751
597
33
477
559
531
16
665 686
256 386
251
663
856 873
983
354
30 32
867
744 796
391
908
950
397
623
502
830
417 419
708
886
457
267
692
282
303
20 27
127
0 37
62
576
560
216
160 163
468
202
248 257
785
901 909
294
503 517
396
602
25
855
527 542
768
145
76 95
862 872
63
505
302
472
261
883 884
584
495 501
752 762
47 65
987
948
346
378
53 54
70
456
240
420
717 720
209
777
947 953
369
547 566
79 84
90
314
49 52
121
201
572 583
703 716
678
747
666 668
610
168 172
896
480
222
514
869
643 653
361
277
836
214 215
538
955
219
278
764
299
603 696
911 918
260
767
489
323
135
39
989
933
384 432
315
966
843
822
519
235
811
874
766
24
761
352
186
418 427
900
699 749
972
329
86 117
413 415
450
81
674 701
154
483
234 250
92
259 285
935
772
548 552
962
719
440
574
807
540
220
385 390
57 58
193
520
957 958
851
697 705
774 810
111
875
445 449
91 94
198 238
319
976
690
790
431
549
654
101 105
467
228
281
221 253
917
693
621
213
332
416
655
142
632 636
120
638
913
338 353
986
280 331
831
496 523
842
29
758 769
349
672
184
755
791
326
667
177
787
837 861
161 206
854
379
687
380
739
920 943
301
488
421
229
212
562 571
113
311
895
944
274
682
310 399
539
508
680
650
924
342
656
292
565
732
651 657
827
300
804
167
4
880
485
577 580
631 633
685 700
844
442
864
998
641
308
498 535
433
41
106
541
555
954
984 6
554
907
725
593
232
863
757
845
640
877
771
295 395
792
362
404
546
149
305
870
223 271
139
307 318
389
187
217
890
359 366
871 882
891 903

