738
931
805 806
210
50
811
78
357
351
107
212
472
166
7
186
103
63
829
42
673 674
596
75
142
387
332
213
546
39
135
944
181
36 37
3
179
25
277
436
9
167
149
23
28
5
434 437
71 72
229
297 304
509
189
90
525 527
299
276
365 366
382 383
148
989
588
35
109
222
985 988
29
41
433
555
574
211
87
164
113
13
504
48
526
272
73
567
386 388
205
756
258
251
347
34
954
314
81
121
394 395
145
38
70
192
1
144 146
451
480
111
329
254
217
24
761
45
14
74
154
671
247
302
176
515
765 769
240
112
132
514
604
11
216
456
279
0 2
62
16
663
907
294
904 909
577 578
589 590
275
139
662 664
882 883
579 580
21
894 897
958 960
141
233
517 518
4
554
404
421
725
127
31 32
92
89
22
533
729
83
367
792
125
644
43
682
396
880
49 51
98
193
309
283
106
541
812
900
994
116 117
260
865
301
378
499
468
361
416
740 744
52 53
196
238 242
401 402
516
265
426 427
496 498
232
867
268
550
358
287
313
521 522
549
638
645
886
714 715
530
120
225
556
591
710 711
319
406
742
340
450
122
187
151 152
261
446
19
286
274
879 881
296
479
241
370
159
939
778
923
323
743
354
686 689
969
243 244
197
708
325
927 928
932 934
713
764
746
15 18
235
369
66 67
202
435
281
56
305
942
381
390 392
706
27 30
168 169
802
328
228
320
648
702
267
126 128
704
174
201
852
888
429
398 399
412
360
391
540
346
96 97
134 137
613
719
440
500
161 162
438 443
423
508
400
493
488
481 482
586 587
140
477
177
306 307
230
606
497
17
178
642
697 698
866 868
60
616
442
64 65
483
561
259 262
368 371
692
459 461
657 659
317
576
209
194
467
779
641
337 338
300
270 271
759 760
770 773
80 82
538
462
560
559
245
771
118 119
557
528 529
311
349
502
298
707
303
379
679
654
393
284
739
255
655
312
136
639
100
543 544
252 253
76 79
570
315
581 582
333
208
551
220
602
163 165
183 185
463
292
658
623
397
611
377
774 781
531
389
425
605
384 385
407 408
592
473
77
114 115
599 600
640
352
519
466 469
476 478
727
635 636
818 824
572 573
675 676
745
200 204
68 69
830
326
887
718
647
926
289 290
669
807
105 108
776
694
925
569
184
993 995
935
938
147 150
156 157
597
848
219
684 685
342
10 12
447 449
129 130
453
206 207
20 26
651 653
982 984
520
364
356
933
688
343 344
628 630
335 336
460
823
620 622
665 666
690
797 798
971
951
584
878
91 93
278
834 835
884 885
565
650
667
575
420
214 215
955
428 432
738
226 227
768
799
910 911
734
191 195
762 763
680
754
430
757
863
601 603
871 872
902 903
594
629
712
845
728
491
339 341
564 566
722
726 731
905
512 513
889
441
457
256 257
681 683
855
787
874
755
293
562 563
786
374
677
59 61
941 943
964
249 250
840 841
375 376
464 465
534 535
793 794
507
803
485
800 801
873 876
649
730
672
978
273 280
691
239
899
123 124
804
40 44
831
539
986
610
646
821
913
310 318
415 417
444 445
795 796
614
291 295
348
439
772
372 373
668 670
678
621
99 101
624 625
791
839
138 143
431
732
486
285 288
627
203
893
950
231 234
741
153 155
780
455 458
510 511
695 696
735 737
788 789
403 405
827
864
820
997
836
94 95
959
875
102 104
987
723
171 172
110
489
948
236 237
896
936
844
825 828
912 915
131 133
359 363
976
652
815
494 495
733
362
790
470 471
490 492
992
413 414
736
720 721
916 918
975
822
843
851
687
860
523 524
57 58
316
615 617
777
334
808 810
173 175
819
952 953
963
6 8
766
223 224
188 190
545 547
870
618 619
631 632
945 946
324 327
859
922
983
716 717
857 858
660 661
84 85
46 47
947 949
411
246 248
962
422 424
753 758
906
869
998
607 608
837 838
917
537 542
448
330 331
972
54 55
452 454
826
890
568 571
637 643
418 419
548 552
767
813 814
474 475
850
877
749 750
967 968
501 503
990 991
484 487
158 160
345 350
929 930
170
409 410
996 999
505
921
846 847
553 558
693
656
595 598
751 752
861 862
321 322
263 264
832 833
583 585
784
849
218 221
816 817
956 957
633 634
961 965
593
924
970
180 182
980 981
775
853 856
724
747
973 974
266 269
705 709
86 88
891 892
380
809
699 700
701 703
626
609 612
506
919 920
536
198 199
937 940
977 979
353 355
785
908

